NativeSetEvaluationTest
1	testNativeHonorsRoleRestrictions
		// test failed because in native mode system returns limit quantity 6 and then filter by role
		// select topcount([Product].[Product Name].members, 6, Measures.[Unit Sales]) on 0 from sales
		
2	testNativeTopCountWithParenthesesMemberSlicer
		//  not expected query (need investigate)
		

MemHungryTest
3	runTest - xml case tests
		// one case return not expected query (need investigate)
	

MemberCacheControlTest
4	testFlushHierarchy
		// test use checking from log but log4j core absent in implementation. need use other way for checking without log4j
		
HighDimensionsTest
5	_testTopCount
		// disabled pending fix of bug MONDRIAN-527
		
UdfTest
6	testUdfNeitherScriptNorClassname
		//return exception which not expected
7	testUdfScriptBadLanguage
		//return exception which not expected
8	testUdfBothScriptAndClassname		
		//return exception which not expected


RolapDimensionTest
9	testHierarchyRelationNotSet
		//issue with test implementation - wrong use Mock
10	testHierarchyRelation
		//issue with test implementation - wrong use Mock
		
RolapResultTest
11	_testNullDefaultMeasure
		//return not expected result
		
		
MondrianTest
12	testdriver
		//java.lang.RuntimeException: Error while instantiating dialect
13	testWithUrl
		//java.lang.RuntimeException: Error while instantiating dialect
		
SqlMemberSourceTest
14	testMakeLevelMemberCountSql
		//result return not expected
		

FunctionTest
15	testVisualTotalsConsecutively
		//VisualTotals function issue return not expected result, different behaviar with Analysis Services
16	testCalculatedChildUsingItem
		// return not expected result
17	_testRank3Huge
		// return not expected result
18	testCurrentMemberDepends
		//Dimension.Name return not expected result
19	_testLinRegVariance
		//LinRegVariance function issue
20	_testLinRegR2
		//LinRegR2 function issue
21	testDescendantsParentChildLeaves
		//Descendants function issue
22	testVisualTotalsNested
		//VisualTotals function issue
23	_testLinRegAll
		//LinRegIntercept function issue

ParentChildHierarchyTest
24	testParentChildOrdinal
		// issue with union roles
SteelWheelsAggregationTest
26	testWithAggregationUnionRolesWithSameGrants
		// issue with union roles
27	testWithAggregation
		// issue with union roles
28	testUnionWithAggregation
		// issue with union roles
		
		
new test failed

DialectTest
29	testMonetDBTypeMapQuirks
		//java.lang.RuntimeException: Error while instantiating dialect
30	testNetezzaTypeMapQuirks
		//java.lang.RuntimeException: Error while instantiating dialect
31	testPostgresGreenplumTypeMapQuirks
		//java.lang.RuntimeException: Error while instantiating dialect
32	testHiveTimestampQuoteLiteral
		//java.lang.RuntimeException: Error while instantiating dialect
33	testSnowflakeTypeMapQuirks
		//java.lang.RuntimeException: Error while instantiating dialect

BasicQueryTest
34	testStatistics
		//java.lang.RuntimeException: Cannot instantiate dialect class 'org.eclipse.daanse.db.dialect.db.mariadb.MariaDBDialect'
		


		




				

		
				
